2018-07-20 15:07:41.985+0530 [] [main] INFO  com.concept.SpringBootStarterProjectApplication - logStarting: Starting SpringBootStarterProjectApplication on ASHRAFII6QWKXH2 with PID 15644 (C:\codebase\git\SpringBootStarterProject\target\classes started by ashrafii in C:\codebase\git\SpringBootStarterProject) 
2018-07-20 15:07:41.992+0530 [] [main] INFO  com.concept.SpringBootStarterProjectApplication - logStartupProfileInfo: No active profile set, falling back to default profiles: default 
2018-07-20 15:07:43.213+0530 [] [main] INFO  org.apache.catalina.core.StandardService - log: Starting service [Tomcat] 
2018-07-20 15:07:43.214+0530 [] [main] INFO  org.apache.catalina.core.StandardEngine - log: Starting Servlet Engine: Apache Tomcat/8.5.31 
2018-07-20 15:07:43.218+0530 [] [localhost-startStop-1] INFO  org.apache.catalina.core.AprLifecycleListener - log: The APR based Apache Tomcat Native library which allows optimal performance in production environments was not found on the java.library.path: [C:\java\jdk1.8\bin;C:\WINDOWS\Sun\Java\bin;C:\WINDOWS\system32;C:\WINDOWS;C:/java/jdk1.8/bin/../jre/bin/server;C:/java/jdk1.8/bin/../jre/bin;C:/java/jdk1.8/bin/../jre/lib/amd64;C:\Perl\site\bin;C:\Perl\bin;C:\Program Files (x86)\Common Files\NetSarang;C:\Program Files\HP_Fortify\HP_Fortify_SCA_and_Apps_4.42\bin;C:\WINDOWS\system32;C:\WINDOWS;C:\WINDOWS\System32\Wbem;C:\WINDOWS\System32\WindowsPowerShell\v1.0\;C:\WINDOWS\CCM;C:\Program Files\Perforce;C:\Program Files\Git\cmd;C:\work\workspace\ashrafi.vap-16.2.1-dev.all\VAP\misc\ant\bin;C:\Program Files\nodejs\;C:\Python27;C:\Program Files (x86)\Microsoft VS Code\bin;C:\Program Files\Git\bin;C:\Users\ashrafii\AppData\Roaming\npm;C:\java\jdk1.8\bin;C:\Program Files\Docker Toolbox\minikube;C:\Program Files\Docker Toolbox\kubectl;C:\gradle-4.5.1\bin;C:\Program Files\Microsoft SQL Server\Client SDK\ODBC\130\Tools\Binn\;C:\Program Files (x86)\Microsoft SQL Server\130\Tools\Binn\;C:\Program Files\Microsoft SQL Server\130\Tools\Binn\;C:\Program Files\Microsoft SQL Server\130\DTS\Binn\;C:\Program Files (x86)\Microsoft SQL Server\Client SDK\ODBC\130\Tools\Binn\;C:\Program Files (x86)\Microsoft SQL Server\140\Tools\Binn\;C:\Program Files (x86)\Microsoft SQL Server\140\DTS\Binn\;C:\Program Files (x86)\Microsoft SQL Server\140\Tools\Binn\ManagementStudio\;C:\Program Files\MIT\Kerberos\bin;C:\Perl\site\bin;C:\Perl\bin;C:\Program Files (x86)\Common Files\NetSarang;C:\Program Files\HP_Fortify\HP_Fortify_SCA_and_Apps_4.42\bin;C:\WINDOWS\system32;C:\WINDOWS;C:\WINDOWS\System32\Wbem;C:\WINDOWS\System32\WindowsPowerShell\v1.0\;C:\WINDOWS\CCM;C:\Program Files\Perforce;C:\Program Files\Git\cmd;C:\work\workspace\ashrafi.vap-16.2.1-dev.all\VAP\misc\ant\bin;C:\Program Files\nodejs\;C:\Python27;C:\Program Files (x86)\Microsoft VS Code\bin;C:\Program Files\Git\bin;C:\Users\ashrafii\AppData\Roaming\npm;C:\java\jdk1.8\bin;C:\Program Files\Docker Toolbox\minikube;C:\Program Files\Docker Toolbox\kubectl;C:\gradle-4.5.1\bin;C:\Program Files\Microsoft SQL Server\Client SDK\ODBC\130\Tools\Binn\;C:\Program Files (x86)\Microsoft SQL Server\130\Tools\Binn\;C:\Program Files\Microsoft SQL Server\130\Tools\Binn\;C:\Program Files\Microsoft SQL Server\130\DTS\Binn\;C:\Program Files (x86)\Microsoft SQL Server\Client SDK\ODBC\130\Tools\Binn\;C:\Program Files (x86)\Microsoft SQL Server\140\Tools\Binn\;C:\Program Files (;C:\eclipse\eclipse-jee-neon-3-RC3-win32-x86_64;;.] 
2018-07-20 15:07:43.370+0530 [] [localhost-startStop-1] INFO  org.apache.catalina.core.ContainerBase.[Tomcat].[localhost].[/] - log: Initializing Spring embedded WebApplicationContext 
2018-07-20 15:07:43.606+0530 [] [main] INFO  com.zaxxer.hikari.HikariDataSource - getConnection: HikariPool-1 - Starting... 
2018-07-20 15:07:43.701+0530 [] [main] INFO  com.zaxxer.hikari.HikariDataSource - getConnection: HikariPool-1 - Start completed. 
2018-07-20 15:07:43.763+0530 [] [main] INFO  org.hibernate.jpa.internal.util.LogHelper - logPersistenceUnitInformation: HHH000204: Processing PersistenceUnitInfo [
	name: default
	...] 
2018-07-20 15:07:43.884+0530 [] [main] INFO  org.hibernate.Version - logVersion: HHH000412: Hibernate Core {5.2.17.Final} 
2018-07-20 15:07:43.885+0530 [] [main] INFO  org.hibernate.cfg.Environment - <clinit>: HHH000206: hibernate.properties not found 
2018-07-20 15:07:43.922+0530 [] [main] INFO  org.hibernate.annotations.common.Version - <clinit>: HCANN000001: Hibernate Commons Annotations {5.0.1.Final} 
2018-07-20 15:07:44.033+0530 [] [main] INFO  org.hibernate.dialect.Dialect - <init>: HHH000400: Using dialect: org.hibernate.dialect.PostgreSQL95Dialect 
2018-07-20 15:07:44.048+0530 [] [main] INFO  org.hibernate.engine.jdbc.env.internal.LobCreatorBuilderImpl - makeLobCreatorBuilder: HHH000422: Disabling contextual LOB creation as connection was null 
2018-07-20 15:07:44.050+0530 [] [main] INFO  org.hibernate.type.BasicTypeRegistry - register: HHH000270: Type registration [java.util.UUID] overrides previous : org.hibernate.type.UUIDBinaryType@d109c4f 
2018-07-20 15:07:45.425+0530 [] [main] WARN  org.springframework.boot.autoconfigure.orm.jpa.JpaBaseConfiguration$JpaWebConfiguration$JpaWebMvcConfiguration - openEntityManagerInViewInterceptor: spring.jpa.open-in-view is enabled by default. Therefore, database queries may be performed during view rendering. Explicitly configure spring.jpa.open-in-view to disable this warning 
2018-07-20 15:07:45.933+0530 [] [main] INFO  com.concept.SpringBootStarterProjectApplication - logStarted: Started SpringBootStarterProjectApplication in 4.179 seconds (JVM running for 4.952) 
2018-07-20 15:08:45.151+0530 [] [http-nio-9200-exec-2] INFO  org.apache.catalina.core.ContainerBase.[Tomcat].[localhost].[/] - log: Initializing Spring FrameworkServlet 'dispatcherServlet' 
2018-07-20 15:08:45.412+0530 [] [http-nio-9200-exec-2] INFO  org.hibernate.hql.internal.QueryTranslatorFactoryInitiator - initiateService: HHH000397: Using ASTQueryTranslatorFactory 
